2024-06-19 14:22:34,453 - INFO - Starting up
2024-06-19 14:22:34,736 - INFO - Connected to database postgresql://ml_user:********@postgres/ml_db
2024-06-19 14:22:38,549 - INFO - Shutting down
2024-06-19 14:22:38,559 - INFO - Disconnected from database postgresql://ml_user:********@postgres/ml_db
2024-06-19 14:22:39,363 - INFO - Starting up
2024-06-19 14:22:39,631 - INFO - Connected to database postgresql://ml_user:********@postgres/ml_db
2024-06-19 14:23:31,881 - INFO - Shutting down
2024-06-19 14:23:31,891 - INFO - Disconnected from database postgresql://ml_user:********@postgres/ml_db
2024-06-19 14:23:32,721 - INFO - Starting up
2024-06-19 14:23:32,994 - INFO - Connected to database postgresql://ml_user:********@postgres/ml_db
2024-06-19 14:24:07,588 - INFO - Shutting down
2024-06-19 14:24:07,593 - INFO - Disconnected from database postgresql://ml_user:********@postgres/ml_db
2024-06-19 14:24:08,460 - INFO - Starting up
2024-06-19 14:24:08,741 - INFO - Connected to database postgresql://ml_user:********@postgres/ml_db
2024-06-19 14:24:17,467 - INFO - Shutting down
2024-06-19 14:24:17,475 - INFO - Disconnected from database postgresql://ml_user:********@postgres/ml_db
2024-06-19 14:24:18,306 - INFO - Starting up
2024-06-19 14:24:18,586 - INFO - Connected to database postgresql://ml_user:********@postgres/ml_db
2024-06-19 14:24:19,588 - INFO - Shutting down
2024-06-19 14:24:19,593 - INFO - Disconnected from database postgresql://ml_user:********@postgres/ml_db
2024-06-19 14:24:20,403 - INFO - Starting up
2024-06-19 14:24:20,679 - INFO - Connected to database postgresql://ml_user:********@postgres/ml_db
2024-06-19 14:24:23,288 - INFO - Shutting down
2024-06-19 14:24:23,293 - INFO - Disconnected from database postgresql://ml_user:********@postgres/ml_db
2024-06-19 14:24:24,219 - INFO - Starting up
2024-06-19 14:24:24,517 - INFO - Connected to database postgresql://ml_user:********@postgres/ml_db
2024-06-19 14:25:06,733 - INFO - Shutting down
2024-06-19 14:25:06,737 - INFO - Disconnected from database postgresql://ml_user:********@postgres/ml_db
2024-06-19 14:25:07,580 - INFO - Starting up
2024-06-19 14:25:07,880 - INFO - Connected to database postgresql://ml_user:********@postgres/ml_db
2024-06-19 14:25:10,988 - INFO - Shutting down
2024-06-19 14:25:10,993 - INFO - Disconnected from database postgresql://ml_user:********@postgres/ml_db
2024-06-19 14:25:11,814 - INFO - Starting up
2024-06-19 14:25:12,083 - INFO - Connected to database postgresql://ml_user:********@postgres/ml_db
2024-06-19 14:25:12,786 - INFO - Shutting down
2024-06-19 14:25:12,797 - INFO - Disconnected from database postgresql://ml_user:********@postgres/ml_db
2024-06-19 14:25:13,664 - INFO - Starting up
2024-06-19 14:25:14,048 - INFO - Connected to database postgresql://ml_user:********@postgres/ml_db
2024-06-19 14:25:20,570 - INFO - Shutting down
2024-06-19 14:25:20,579 - INFO - Disconnected from database postgresql://ml_user:********@postgres/ml_db
2024-06-19 14:25:21,532 - INFO - Starting up
2024-06-19 14:25:21,951 - INFO - Connected to database postgresql://ml_user:********@postgres/ml_db
2024-06-19 14:25:36,896 - INFO - Shutting down
2024-06-19 14:25:36,900 - INFO - Disconnected from database postgresql://ml_user:********@postgres/ml_db
2024-06-19 14:27:28,420 - INFO - Starting up
2024-06-19 14:27:28,720 - INFO - Connected to database postgresql://ml_user:********@postgres/ml_db
2024-06-19 14:27:36,528 - DEBUG - Starting new HTTPS connection (1): export.arxiv.org:443
2024-06-19 14:27:37,463 - DEBUG - https://export.arxiv.org:443 "GET /api/query?search_query=au:%5C%22achilles%5C%22&skip=0&max_results=8&sortBy=relevance&sortOrder=descending HTTP/1.1" 200 4059
2024-06-19 14:27:37,489 - DEBUG - Query: INSERT INTO query_results (query, num_results, status, query_entries, query_timestamp) VALUES ($2, $1, $5, $3, $4) RETURNING query_results.id Args: (69, 'ArXiv Query: search_query=au:\\"achilles\\"&amp;id_list=&amp;start=0&amp;max_results=8', '[{"authors": "Achilles Beros", "title": "Anomalous Vacillatory Learning", "journal": null}, {"authors": "Achilles Beros", "title": "Learning Theory in the Arithmetic Hierarchy", "journal": null}, {"authors": "Achilles D. Speliotopoulos", "title": "The Motion of Massive Test Particles in the Dark Matter with an\\n  $a_0/r^2$ Energy Density", "journal": null}, {"authors": "Achilles D. Speliotopoulos", "title": "The Energy Density of a Gas of Photons Surrounding a Spherical Mass $M$\\n  at a Non-Zero Temperature", "journal": null}, {"authors": "Achilles D. Speliotopoulos", "title": "The Asymptotic Form of the Energy Density of Weakly Interacting\\n  Particles in a Static, Spherical Geometry", "journal": null}, {"authors": "Achilles D. Speliotopoulos", "title": "The General Structure of Eigenvalues of Non-linear Oscillators", "journal": null}, {"authors": "Achilles D. Speliotopoulos", "title": "Dark Energy and Extending the Geodesic Equations of Motion: Connecting\\n  the Galactic and Cosmological Length Scales", "journal": null}, {"authors": "Achilles D. Speliotopoulos", "title": "Dark Energy and Extending the Geodesic Equations of Motion: Its\\n  Construction and Experimental Constraints", "journal": "Gen.Rel.Grav.42:1537-1555,2010"}]', datetime.datetime(2024, 6, 19, 14, 27, 37), 200)
2024-06-19 14:28:08,674 - INFO - Shutting down
2024-06-19 14:28:08,679 - INFO - Disconnected from database postgresql://ml_user:********@postgres/ml_db
2024-06-19 14:28:09,516 - INFO - Starting up
2024-06-19 14:28:09,794 - INFO - Connected to database postgresql://ml_user:********@postgres/ml_db
2024-06-19 14:28:14,005 - INFO - Shutting down
2024-06-19 14:28:14,016 - INFO - Disconnected from database postgresql://ml_user:********@postgres/ml_db
2024-06-19 14:28:14,855 - INFO - Starting up
2024-06-19 14:28:15,173 - INFO - Connected to database postgresql://ml_user:********@postgres/ml_db
2024-06-19 14:28:15,776 - INFO - Shutting down
2024-06-19 14:28:15,785 - INFO - Disconnected from database postgresql://ml_user:********@postgres/ml_db
2024-06-19 14:28:16,639 - INFO - Starting up
2024-06-19 14:28:16,922 - INFO - Connected to database postgresql://ml_user:********@postgres/ml_db
2024-06-19 14:28:28,456 - INFO - Shutting down
2024-06-19 14:28:28,465 - INFO - Disconnected from database postgresql://ml_user:********@postgres/ml_db
2024-06-19 14:28:29,250 - INFO - Starting up
2024-06-19 14:28:29,541 - INFO - Connected to database postgresql://ml_user:********@postgres/ml_db
2024-06-19 14:28:30,144 - INFO - Shutting down
2024-06-19 14:28:30,152 - INFO - Disconnected from database postgresql://ml_user:********@postgres/ml_db
2024-06-19 14:28:31,101 - INFO - Starting up
2024-06-19 14:28:31,377 - INFO - Connected to database postgresql://ml_user:********@postgres/ml_db
2024-06-19 14:28:32,681 - INFO - Shutting down
2024-06-19 14:28:32,686 - INFO - Disconnected from database postgresql://ml_user:********@postgres/ml_db
2024-06-19 14:28:33,704 - INFO - Starting up
2024-06-19 14:28:34,096 - INFO - Connected to database postgresql://ml_user:********@postgres/ml_db
2024-06-19 14:28:36,002 - INFO - Shutting down
2024-06-19 14:28:36,007 - INFO - Disconnected from database postgresql://ml_user:********@postgres/ml_db
2024-06-19 14:28:36,809 - INFO - Starting up
2024-06-19 14:28:37,093 - INFO - Connected to database postgresql://ml_user:********@postgres/ml_db
2024-06-19 14:28:45,814 - INFO - Shutting down
2024-06-19 14:28:45,819 - INFO - Disconnected from database postgresql://ml_user:********@postgres/ml_db
2024-06-19 14:28:46,747 - INFO - Starting up
2024-06-19 14:28:47,029 - INFO - Connected to database postgresql://ml_user:********@postgres/ml_db
2024-06-19 14:28:53,647 - INFO - Shutting down
2024-06-19 14:28:53,653 - INFO - Disconnected from database postgresql://ml_user:********@postgres/ml_db
2024-06-19 14:28:54,500 - INFO - Starting up
2024-06-19 14:28:54,815 - INFO - Connected to database postgresql://ml_user:********@postgres/ml_db
2024-06-19 14:28:55,417 - INFO - Shutting down
2024-06-19 14:28:55,421 - INFO - Disconnected from database postgresql://ml_user:********@postgres/ml_db
2024-06-19 14:28:56,343 - INFO - Starting up
2024-06-19 14:28:56,660 - INFO - Connected to database postgresql://ml_user:********@postgres/ml_db
2024-06-19 14:34:58,898 - INFO - Shutting down
2024-06-19 14:34:58,899 - INFO - Disconnected from database postgresql://ml_user:********@postgres/ml_db
2024-06-19 14:35:00,165 - INFO - Connected to database postgresql://ml_user:********@postgres/ml_db
2024-06-19 14:35:45,099 - INFO - Disconnected from database postgresql://ml_user:********@postgres/ml_db
2024-06-19 14:35:46,341 - INFO - Connected to database postgresql://ml_user:********@postgres/ml_db
2024-06-19 14:37:51,796 - INFO - Disconnected from database postgresql://ml_user:********@postgres/ml_db
2024-06-19 14:37:53,498 - INFO - Connected to database postgresql://ml_user:********@postgres/ml_db
2024-06-19 14:37:58,424 - INFO - Disconnected from database postgresql://ml_user:********@postgres/ml_db
2024-06-19 14:37:59,559 - INFO - Connected to database postgresql://ml_user:********@postgres/ml_db
2024-06-19 14:40:37,907 - INFO - Disconnected from database postgresql://ml_user:********@postgres/ml_db
2024-06-19 14:40:39,078 - INFO - Connected to database postgresql://ml_user:********@postgres/ml_db
2024-06-19 14:40:51,922 - INFO - Disconnected from database postgresql://ml_user:********@postgres/ml_db
2024-06-19 14:40:53,055 - INFO - Connected to database postgresql://ml_user:********@postgres/ml_db
2024-06-19 14:41:13,914 - INFO - Disconnected from database postgresql://ml_user:********@postgres/ml_db
2024-06-19 14:41:15,310 - INFO - Connected to database postgresql://ml_user:********@postgres/ml_db
2024-06-19 14:41:16,390 - INFO - Connected to database postgresql://ml_user:********@postgres/ml_db
2024-06-19 14:42:49,363 - INFO - Disconnected from database postgresql://ml_user:********@postgres/ml_db
2024-06-19 14:42:50,467 - INFO - Connected to database postgresql://ml_user:********@postgres/ml_db
2024-06-19 14:42:56,287 - INFO - Disconnected from database postgresql://ml_user:********@postgres/ml_db
2024-06-19 14:42:57,390 - INFO - Connected to database postgresql://ml_user:********@postgres/ml_db
2024-06-19 14:43:12,936 - INFO - Disconnected from database postgresql://ml_user:********@postgres/ml_db
2024-06-19 14:43:14,193 - INFO - Connected to database postgresql://ml_user:********@postgres/ml_db
2024-06-19 14:44:22,790 - INFO - Disconnected from database postgresql://ml_user:********@postgres/ml_db
2024-06-19 14:44:24,027 - INFO - Connected to database postgresql://ml_user:********@postgres/ml_db
2024-06-19 14:46:09,223 - INFO - Disconnected from database postgresql://ml_user:********@postgres/ml_db
2024-06-19 14:46:10,460 - INFO - Connected to database postgresql://ml_user:********@postgres/ml_db
2024-06-19 14:47:06,124 - INFO - Disconnected from database postgresql://ml_user:********@postgres/ml_db
2024-06-19 14:47:07,244 - INFO - Connected to database postgresql://ml_user:********@postgres/ml_db
2024-06-19 14:47:22,586 - INFO - Disconnected from database postgresql://ml_user:********@postgres/ml_db
2024-06-19 14:47:23,731 - INFO - Connected to database postgresql://ml_user:********@postgres/ml_db
2024-06-19 14:47:29,256 - INFO - Disconnected from database postgresql://ml_user:********@postgres/ml_db
2024-06-19 14:47:30,407 - INFO - Connected to database postgresql://ml_user:********@postgres/ml_db
2024-06-19 14:47:32,421 - INFO - Disconnected from database postgresql://ml_user:********@postgres/ml_db
2024-06-19 14:47:33,676 - INFO - Connected to database postgresql://ml_user:********@postgres/ml_db
2024-06-19 14:49:00,723 - INFO - Disconnected from database postgresql://ml_user:********@postgres/ml_db
2024-06-19 14:49:01,861 - INFO - Connected to database postgresql://ml_user:********@postgres/ml_db
2024-06-19 14:49:34,054 - INFO - Disconnected from database postgresql://ml_user:********@postgres/ml_db
2024-06-19 14:49:35,179 - INFO - Connected to database postgresql://ml_user:********@postgres/ml_db
2024-06-19 14:49:57,851 - INFO - Disconnected from database postgresql://ml_user:********@postgres/ml_db
2024-06-19 14:49:59,021 - INFO - Connected to database postgresql://ml_user:********@postgres/ml_db
2024-06-19 14:50:13,166 - INFO - Disconnected from database postgresql://ml_user:********@postgres/ml_db
2024-06-19 14:50:14,395 - INFO - Connected to database postgresql://ml_user:********@postgres/ml_db
2024-06-19 14:51:01,543 - INFO - Disconnected from database postgresql://ml_user:********@postgres/ml_db
2024-06-19 14:51:02,835 - INFO - Connected to database postgresql://ml_user:********@postgres/ml_db
2024-06-19 14:53:11,816 - INFO - Disconnected from database postgresql://ml_user:********@postgres/ml_db
